[debug] [2024-02-12T07:13:51.412Z] ----------------------------------------------------------------------
[debug] [2024-02-12T07:13:51.416Z] Command:       C:\Program Files\nodejs\node.exe C:\Users\prafu\AppData\Roaming\npm\node_modules\firebase-tools\lib\bin\firebase.js init
[debug] [2024-02-12T07:13:51.416Z] CLI Version:   13.2.1
[debug] [2024-02-12T07:13:51.417Z] Platform:      win32
[debug] [2024-02-12T07:13:51.417Z] Node Version:  v20.9.0
[debug] [2024-02-12T07:13:51.417Z] Time:          Mon Feb 12 2024 12:43:51 GMT+0530 (India Standard Time)
[debug] [2024-02-12T07:13:51.417Z] ----------------------------------------------------------------------
[debug] 
[debug] [2024-02-12T07:13:51.421Z] >>> [apiv2][query] GET https://firebase-public.firebaseio.com/cli.json [none]
[debug] [2024-02-12T07:13:51.484Z] > command requires scopes: ["email","openid","https://www.googleapis.com/auth/cloudplatformprojects.readonly","https://www.googleapis.com/auth/firebase","https://www.googleapis.com/auth/cloud-platform"]
[debug] [2024-02-12T07:13:51.485Z] > authorizing via signed-in user (prafullkaranje@gmail.com)
[info] 
     ######## #### ########  ######## ########     ###     ######  ########
     ##        ##  ##     ## ##       ##     ##  ##   ##  ##       ##
     ######    ##  ########  ######   ########  #########  ######  ######
     ##        ##  ##    ##  ##       ##     ## ##     ##       ## ##
     ##       #### ##     ## ######## ########  ##     ##  ######  ########

You're about to initialize a Firebase project in this directory:

  C:\MyAPP\react\prafull-todo-1

Before we get started, keep in mind:

  * You are currently outside your home directory

[debug] [2024-02-12T07:13:52.106Z] <<< [apiv2][status] GET https://firebase-public.firebaseio.com/cli.json 200
[debug] [2024-02-12T07:13:52.108Z] <<< [apiv2][body] GET https://firebase-public.firebaseio.com/cli.json {"cloudBuildErrorAfter":1594252800000,"cloudBuildWarnAfter":1590019200000,"defaultNode10After":1594252800000,"minVersion":"3.0.5","node8DeploysDisabledAfter":1613390400000,"node8RuntimeDisabledAfter":1615809600000,"node8WarnAfter":1600128000000}
